<?xml version="1.0" encoding="UTF-8" ?>
<testsuite errors="0" failures="0" hostname="Alexs-MacBook-Pro.local" name="com.alexosei.thinkdast.MyLinkedListTest" skipped="0" tests="20" time="0.633" timestamp="2017-08-29T20:07:35">
  <properties>
[...]
</properties>
  <testcase classname="com.alexosei.thinkdast.MyLinkedListTest" name="testToArray" time="0.028" />
  <testcase classname="com.alexosei.thinkdast.MyLinkedListTest" name="testAddIntT" time="0.0" />
  <testcase classname="com.alexosei.thinkdast.MyLinkedListTest" name="testGet" time="0.0" />
  <testcase classname="com.alexosei.thinkdast.MyLinkedListTest" name="testSet" time="0.001" />
  <testcase classname="com.alexosei.thinkdast.MyLinkedListTest" name="testAddAllCollectionOfQextendsT" time="0.0" />
  <testcase classname="com.alexosei.thinkdast.MyLinkedListTest" name="testClear" time="0.0" />
  <testcase classname="com.alexosei.thinkdast.MyLinkedListTest" name="testAddT" time="0.0" />
  <testcase classname="com.alexosei.thinkdast.MyLinkedListTest" name="testSize" time="0.0" />
  <testcase classname="com.alexosei.thinkdast.MyLinkedListTest" name="testLastIndexOf" time="0.0" />
  <testcase classname="com.alexosei.thinkdast.MyLinkedListTest" name="testContainsAll" time="0.0" />
  <testcase classname="com.alexosei.thinkdast.MyLinkedListTest" name="testRemoveObject" time="0.0" />
  <testcase classname="com.alexosei.thinkdast.MyLinkedListTest" name="testContains" time="0.0" />
  <testcase classname="com.alexosei.thinkdast.MyLinkedListTest" name="testIndexOfNull" time="0.0" />
  <testcase classname="com.alexosei.thinkdast.MyLinkedListTest" name="testIndexOf" time="0.0" />
  <testcase classname="com.alexosei.thinkdast.MyLinkedListTest" name="testMyList" time="0.0" />
  <testcase classname="com.alexosei.thinkdast.MyLinkedListTest" name="testIsEmpty" time="0.001" />
  <testcase classname="com.alexosei.thinkdast.MyLinkedListTest" name="testIterator" time="0.0" />
  <testcase classname="com.alexosei.thinkdast.MyLinkedListTest" name="testRemoveAll" time="0.001" />
  <testcase classname="com.alexosei.thinkdast.MyLinkedListTest" name="testRemoveInt" time="0.0" />
  <testcase classname="com.alexosei.thinkdast.MyLinkedListTest" name="testSubList" time="0.0" />
  <system-out><![CDATA[[1, 5, 2, 3]
]]></system-out>
  <system-err><![CDATA[]]></system-err>
</testsuite>
